<?xml version="1.0" encoding="UTF-8"?>
<!-- Generated by org.testng.reporters.JUnitXMLReporter -->
<testsuite hostname="DESKTOP-A401D63" ignored="0" name="Test" tests="1" failures="1" timestamp="2020-09-10T22:16:46 EDT" time="23.749" errors="0">
  <testcase name="display" time="23.675" classname="testingjenkins.jenkinsclass">
    <failure type="org.openqa.selenium.SessionNotCreatedException" message="session not created
from chrome not reachable
  (Session info: chrome=79.0.3945.88)
Build info: version: &amp;apos;3.141.59&amp;apos;, revision: &amp;apos;e82be7d358&amp;apos;, time: &amp;apos;2018-11-14T08:25:53&amp;apos;
System info: host: &amp;apos;DESKTOP-A401D63&amp;apos;, ip: &amp;apos;192.168.1.76&amp;apos;, os.name: &amp;apos;Windows 10&amp;apos;, os.arch: &amp;apos;amd64&amp;apos;, os.version: &amp;apos;10.0&amp;apos;, java.version: &amp;apos;1.8.0_212&amp;apos;
Driver info: driver.version: ChromeDriver
remote stacktrace: Backtrace:
	Ordinal0 [0x004E9F93+1548179]
	Ordinal0 [0x0046DC51+1039441]
	Ordinal0 [0x003EE33E+516926]
	Ordinal0 [0x003E8022+491554]
	Ordinal0 [0x003E86FB+493307]
	Ordinal0 [0x003E9865+497765]
	Ordinal0 [0x003E5895+481429]
	Ordinal0 [0x003EF0E0+520416]
	Ordinal0 [0x0039C030+180272]
	Ordinal0 [0x0039B59D+177565]
	Ordinal0 [0x003995FB+169467]
	Ordinal0 [0x0038160A+71178]
	Ordinal0 [0x00382690+75408]
	Ordinal0 [0x00382629+75305]
	Ordinal0 [0x00487047+1142855]
	GetHandleVerifier [0x00582996+507766]
	GetHandleVerifier [0x005826B4+507028]
	GetHandleVerifier [0x00589D97+537463]
	GetHandleVerifier [0x00583252+510002]
	Ordinal0 [0x0047F12C+1110316]
	Ordinal0 [0x0048921B+1151515]
	Ordinal0 [0x00489383+1151875]
	Ordinal0 [0x00488285+1147525]
	BaseThreadInitThunk [0x74A96359+25]
	RtlGetAppContainerNamedObjectPath [0x77137C24+228]
	RtlGetAppContainerNamedObjectPath [0x77137BF4+180]
">
      <![CDATA[org.openqa.selenium.SessionNotCreatedException: session not created
from chrome not reachable
  (Session info: chrome=79.0.3945.88)
Build info: version: '3.141.59', revision: 'e82be7d358', time: '2018-11-14T08:25:53'
System info: host: 'DESKTOP-A401D63', ip: '192.168.1.76', os.name: 'Windows 10', os.arch: 'amd64', os.version: '10.0', java.version: '1.8.0_212'
Driver info: driver.version: ChromeDriver
remote stacktrace: Backtrace:
Ordinal0 [0x004E9F93+1548179]
Ordinal0 [0x0046DC51+1039441]
Ordinal0 [0x003EE33E+516926]
Ordinal0 [0x003E8022+491554]
Ordinal0 [0x003E86FB+493307]
Ordinal0 [0x003E9865+497765]
Ordinal0 [0x003E5895+481429]
Ordinal0 [0x003EF0E0+520416]
Ordinal0 [0x0039C030+180272]
Ordinal0 [0x0039B59D+177565]
Ordinal0 [0x003995FB+169467]
Ordinal0 [0x0038160A+71178]
Ordinal0 [0x00382690+75408]
Ordinal0 [0x00382629+75305]
Ordinal0 [0x00487047+1142855]
GetHandleVerifier [0x00582996+507766]
GetHandleVerifier [0x005826B4+507028]
GetHandleVerifier [0x00589D97+537463]
GetHandleVerifier [0x00583252+510002]
Ordinal0 [0x0047F12C+1110316]
Ordinal0 [0x0048921B+1151515]
Ordinal0 [0x00489383+1151875]
Ordinal0 [0x00488285+1147525]
BaseThreadInitThunk [0x74A96359+25]
RtlGetAppContainerNamedObjectPath [0x77137C24+228]
RtlGetAppContainerNamedObjectPath [0x77137BF4+180]

at org.openqa.selenium.remote.W3CHandshakeResponse.lambda$errorHandler$0(W3CHandshakeResponse.java:62)
at org.openqa.selenium.remote.HandshakeResponse.lambda$getResponseFunction$0(HandshakeResponse.java:30)
at org.openqa.selenium.remote.ProtocolHandshake.lambda$createSession$0(ProtocolHandshake.java:126)
at java.util.stream.ReferencePipeline$3$1.accept(Unknown Source)
at java.util.Spliterators$ArraySpliterator.tryAdvance(Unknown Source)
at java.util.stream.ReferencePipeline.forEachWithCancel(Unknown Source)
at java.util.stream.AbstractPipeline.copyIntoWithCancel(Unknown Source)
at java.util.stream.AbstractPipeline.copyInto(Unknown Source)
at java.util.stream.AbstractPipeline.wrapAndCopyInto(Unknown Source)
at java.util.stream.FindOps$FindOp.evaluateSequential(Unknown Source)
at java.util.stream.AbstractPipeline.evaluate(Unknown Source)
at java.util.stream.ReferencePipeline.findFirst(Unknown Source)
at org.openqa.selenium.remote.ProtocolHandshake.createSession(ProtocolHandshake.java:128)
at org.openqa.selenium.remote.ProtocolHandshake.createSession(ProtocolHandshake.java:74)
at org.openqa.selenium.remote.HttpCommandExecutor.execute(HttpCommandExecutor.java:136)
at org.openqa.selenium.remote.service.DriverCommandExecutor.execute(DriverCommandExecutor.java:83)
at org.openqa.selenium.remote.RemoteWebDriver.execute(RemoteWebDriver.java:552)
at org.openqa.selenium.remote.RemoteWebDriver.startSession(RemoteWebDriver.java:213)
at org.openqa.selenium.remote.RemoteWebDriver.<init>(RemoteWebDriver.java:131)
at org.openqa.selenium.chrome.ChromeDriver.<init>(ChromeDriver.java:181)
at org.openqa.selenium.chrome.ChromeDriver.<init>(ChromeDriver.java:168)
at org.openqa.selenium.chrome.ChromeDriver.<init>(ChromeDriver.java:123)
at testingjenkins.jenkinsclass.display(jenkinsclass.java:21)
at java.util.ArrayList.forEach(Unknown Source)
... Removed 31 stack frames]]>
    </failure>
  </testcase> <!-- display -->
</testsuite> <!-- Test -->
